{"level":"info","message":"env undefined"}
{"level":"info","message":"Server started on port 3000"}
{"level":"info","message":"env undefined"}
{"level":"info","message":"Server started on port 3000"}
{"level":"info","message":"env undefined"}
{"level":"info","message":"Server started on port 3000"}
{"level":"info","message":"env undefined"}
{"level":"info","message":"Server started on port 3000"}
{"level":"info","message":"env undefined"}
{"level":"info","message":"Server started on port 3000"}
{"level":"info","message":"env undefined"}
{"level":"info","message":"Server started on port 3000"}
{"level":"info","message":"env undefined"}
{"level":"info","message":"Server started on port 3000"}
{"level":"info","message":"env undefined"}
{"level":"info","message":"Server started on port 3000"}
{"level":"info","message":"env undefined"}
{"level":"info","message":"Server started on port 3000"}
{"level":"info","message":"env undefined"}
{"level":"info","message":"Server started on port 3000"}
{"level":"info","message":"env undefined"}
{"level":"info","message":"Server started on port 3000"}
{"level":"info","message":"env undefined"}
{"level":"info","message":"Server started on port 3000"}
{"level":"info","message":"env undefined"}
{"level":"info","message":"Server started on port 3000"}
{"level":"info","message":"env undefined"}
{"level":"info","message":"Server started on port 3000"}
{"level":"info","message":"Server started on port 8000"}
{"level":"info","message":"Server started on port 8000"}
{"level":"info","message":"Server started on port 8000"}
{"level":"info","message":"Server started on port 8000"}
{"level":"info","message":"Server started on port 8000"}
{"level":"info","message":"GET /auth/nonce"}
{"level":"info","message":"GET /auth/auth/nonce"}
{"level":"info","message":"Server started on port 8000"}
{"level":"info","message":"Server started on port 8000"}
{"level":"info","message":"GET /auth/auth/nonce"}
{"level":"info","message":"GET /auth/nonce"}
{"level":"info","message":"Server started on port 8000"}
{"level":"info","message":"GET /auth/nonce"}
{"level":"info","message":"Server started on port 8000"}
{"level":"info","message":"GET /auth/nonce"}
{"level":"info","message":"Server started on port 8000"}
{"level":"info","message":"GET /auth/nonce"}
{"level":"info","message":"Server started on port 8000"}
{"level":"info","message":"Server started on port 8000"}
{"level":"info","message":"Server started on port 8000"}
{"level":"info","message":"Server started on port 8000"}
{"level":"info","message":"Server started on port 8000"}
{"level":"info","message":"POST /auth/login"}
{"level":"info","message":"Server started on port 8000"}
{"level":"info","message":"POST /auth/login"}
{"level":"info","message":"Server started on port 8000"}
{"level":"info","message":"POST /auth/login"}
{"level":"info","message":"Server started on port 8000"}
{"level":"info","message":"Server started on port 8000"}
{"level":"info","message":"POST /auth/login"}
{"level":"info","message":"Server started on port 8000"}
{"level":"info","message":"Server started on port 8000"}
{"level":"info","message":"POST /auth/nonce"}
{"level":"info","message":"POST /auth/nonce"}
{"level":"info","message":"POST /auth/nonce"}
{"level":"info","message":"POST /auth/nonce"}
{"level":"info","message":"GET /auth/nonce"}
{"level":"info","message":"GET /auth/nonce"}
{"level":"info","message":"GET /auth/nonce"}
{"level":"info","message":"GET /auth/nonce"}
{"level":"info","message":"GET /auth/nonce"}
{"level":"info","message":"GET /auth/nonce"}
{"level":"info","message":"GET /auth/nonce"}
{"level":"info","message":"GET /auth/nonce"}
{"level":"info","message":"GET /auth/nonce"}
{"level":"info","message":"GET /auth/nonce"}
{"level":"info","message":"GET /auth/nonce"}
{"level":"info","message":"GET /auth/nonce"}
{"level":"info","message":"GET /auth/nonce"}
{"level":"info","message":"GET /auth/nonce"}
{"level":"info","message":"GET /auth/nonce"}
{"level":"info","message":"GET /auth/nonce"}
{"level":"info","message":"GET /auth/nonce"}
{"level":"info","message":"GET /auth/nonce"}
{"level":"info","message":"POST /auth/login"}
{"level":"info","message":"POST /auth/login"}
{"level":"info","message":"GET /auth/nonce"}
{"level":"info","message":"GET /auth/nonce"}
{"level":"info","message":"POST /auth/login"}
{"level":"info","message":"POST /auth/login"}
{"level":"info","message":"GET /auth/nonce"}
{"level":"info","message":"GET /auth/nonce"}
{"level":"info","message":"POST /auth/login"}
{"level":"info","message":"POST /auth/login"}
{"level":"info","message":"Server started on port 8000"}
{"level":"info","message":"Server started on port 8000"}
{"level":"info","message":"GET /auth/nonce"}
{"level":"info","message":"GET /auth/nonce"}
{"level":"info","message":"GET /auth/nonce"}
{"level":"info","message":"GET /auth/nonce"}
{"level":"info","message":"POST /auth/login"}
{"level":"info","message":"Server started on port 8000"}
{"level":"info","message":"GET /auth/nonce"}
{"level":"info","message":"POST /auth/login"}
{"level":"info","message":"Server started on port 8000"}
{"level":"info","message":"GET /auth/nonce"}
{"level":"info","message":"POST /auth/login"}
{"level":"info","message":"Server started on port 8000"}
{"level":"info","message":"GET /auth/nonce"}
{"level":"info","message":"POST /auth/login"}
{"level":"info","message":"Server started on port 8000"}
{"level":"info","message":"Server started on port 8000"}
{"level":"info","message":"GET /auth/nonce"}
{"level":"info","message":"POST /auth/login"}
{"level":"info","message":"Server started on port 8000"}
{"level":"info","message":"GET /auth/nonce"}
{"level":"info","message":"POST /auth/login"}
{"level":"info","message":"Server started on port 8000"}
{"level":"info","message":"GET /auth/nonce"}
{"level":"info","message":"POST /auth/login"}
{"level":"info","message":"Server started on port 8000"}
{"level":"info","message":"Server started on port 8000"}
{"level":"info","message":"GET /auth/nonce"}
{"level":"info","message":"POST /auth/login"}
{"level":"info","message":"Server started on port 8000"}
{"level":"info","message":"GET /auth/nonce"}
{"level":"info","message":"POST /auth/login"}
{"level":"info","message":"Server started on port 8000"}
{"level":"info","message":"GET /auth/nonce"}
{"level":"info","message":"POST /auth/login"}
{"level":"info","message":"Server started on port 8000"}
{"level":"info","message":"Server started on port 8000"}
{"level":"info","message":"Server started on port 8000"}
{"level":"info","message":"GET /auth/nonce"}
{"level":"info","message":"POST /auth/login"}
{"level":"info","message":"Server started on port 8000"}
{"level":"info","message":"GET /auth/nonce"}
{"level":"info","message":"POST /auth/login"}
{"level":"info","message":"Server started on port 8000"}
{"level":"info","message":"GET /auth/nonce"}
{"level":"info","message":"POST /auth/login"}
{"level":"info","message":"Server started on port 8000"}
{"level":"info","message":"Server started on port 8000"}
{"level":"info","message":"GET /auth/nonce"}
{"level":"info","message":"POST /auth/login"}
{"level":"info","message":"Server started on port 8000"}
{"level":"info","message":"GET /auth/nonce"}
{"level":"info","message":"POST /auth/login"}
{"level":"info","message":"Server started on port 8000"}
{"level":"info","message":"GET /auth/nonce"}
{"level":"info","message":"POST /auth/login"}
{"level":"info","message":"Server started on port 8000"}
{"level":"info","message":"Server started on port 8000"}
{"level":"info","message":"GET /auth/nonce"}
{"level":"info","message":"POST /auth/login"}
{"level":"info","message":"Server started on port 8000"}
{"level":"info","message":"GET /auth/nonce"}
{"level":"info","message":"POST /auth/login"}
{"level":"info","message":"Server started on port 8000"}
{"level":"info","message":"Server started on port 8000"}
{"level":"info","message":"Server started on port 8000"}
{"level":"info","message":"Server started on port 8000"}
{"level":"info","message":"Gracefully shutting down"}
{"level":"info","message":"Server started on port 8000"}
{"level":"info","message":"Gracefully shutting down"}
{"level":"info","message":"Server started on port 8000"}
{"level":"info","message":"Gracefully shutting down int"}
{"level":"info","message":"Server started on port 8000"}
{"level":"info","message":"Gracefully shutting down int"}
{"level":"info","message":"Server started on port 8000"}
{"level":"info","message":"Server started on port 8000"}
{"level":"info","message":"GET /auth/nonce"}
{"level":"info","message":"POST /auth/login"}
{"level":"info","message":"GET /auth/nonce"}
{"level":"info","message":"GET /auth/nonce"}
{"level":"info","message":"GET /auth/nonce"}
{"level":"info","message":"GET /auth/nonce"}
{"level":"info","message":"POST /auth/login"}
{"level":"info","message":"GET /auth/nonce"}
{"level":"info","message":"GET /auth/nonce"}
{"level":"info","message":"Server started on port 8000"}
{"level":"info","message":"GET /user/publicKey/0x6C90A3F82a40e111680a2B544FE827138aa98798/verified"}
{"level":"info","message":"Server started on port 8000"}
{"level":"info","message":"Server started on port 8000"}
{"level":"info","message":"GET /user/publicKey/0x6C90A3F82a40e111680a2B544FE827138aa98798/verified"}
{"level":"info","message":"Server started on port 8000"}
{"level":"info","message":"GET /user/publicKey/0x6C90A3F82a40e111680a2B544FE827138aa98798/verified"}
{"level":"info","message":"Server started on port 8000"}
{"level":"info","message":"GET /user/publicKey/0x6C90A3F82a40e111680a2B544FE827138aa98798/verified"}
{"level":"info","message":"Server started on port 8000"}
{"level":"info","message":"GET /user/publicKey/0x6C90A3F82a40e111680a2B544FE827138aa98798/verified"}
{"level":"info","message":"GET /user/0x6c90a3f82a40e111680a2b544fe827138aa98798/verified"}
{"level":"info","message":"GET /user/0x6c90a3f82a40e111680a2b544fe827138aa98798/verified"}
{"level":"info","message":"GET /user/0x6c90a3f82a40e111680a2b544fe827138aa98798/verified"}
{"level":"info","message":"GET /user/0x6c90a3f82a40e111680a2b544fe827138aa98798/verified"}
{"level":"info","message":"GET /user/0x6c90a3f82a40e111680a2b544fe827138aa98798/verified"}
{"level":"info","message":"GET /user/0x6c90a3f82a40e111680a2b544fe827138aa98798/verified"}
{"level":"info","message":"GET /user/0x6c90a3f82a40e111680a2b544fe827138aa98798/verified"}
{"level":"info","message":"GET /user/publicKey/0x6c90a3f82a40e111680a2b544fe827138aa98798/verified"}
{"level":"info","message":"GET /user/publicKey/0x6c90a3f82a40e111680a2b544fe827138aa98798/verified"}
{"level":"info","message":"GET /user/publicKey/0x6c90a3f82a40e111680a2b544fe827138aa98798/verified"}
{"level":"info","message":"GET /user/publicKey/0x6c90a3f82a40e111680a2b544fe827138aa98798/usdc.png"}
{"level":"info","message":"GET /user/publicKey/0x6c90a3f82a40e111680a2b544fe827138aa98798/verified"}
{"level":"info","message":"GET /user/publicKey/0x6c90a3f82a40e111680a2b544fe827138aa98798/verified"}
{"level":"info","message":"GET /user/publicKey/0x6c90a3f82a40e111680a2b544fe827138aa98798/verified"}
{"level":"info","message":"GET /user/publicKey/0x6c90a3f82a40e111680a2b544fe827138aa98798/verified"}
{"level":"info","message":"GET /user/publicKey/0x6c90a3f82a40e111680a2b544fe827138aa98798/verified"}
{"level":"info","message":"GET /user/publicKey/0x6c90a3f82a40e111680a2b544fe827138aa98798/verified"}
{"level":"info","message":"GET /user/publicKey/0x6c90a3f82a40e111680a2b544fe827138aa98798/verified"}
{"level":"info","message":"GET /user/publicKey/0x6c90a3f82a40e111680a2b544fe827138aa98798/verified"}
{"level":"info","message":"GET /user/publicKey/0x6c90a3f82a40e111680a2b544fe827138aa98798"}
{"level":"info","message":"Server started on port 8000"}
{"level":"info","message":"Server started on port 8000"}
{"level":"info","message":"Server started on port 8000"}
{"level":"info","message":"Server started on port 8000"}
{"level":"info","message":"Server started on port 8000"}
{"level":"info","message":"Server started on port 8000"}
{"level":"info","message":"Server started on port 8000"}
{"level":"info","message":"Server started on port 8000"}
{"level":"info","message":"Server started on port 8000"}
{"level":"info","message":"GET /user/publicKey/0x6c90a3f82a40e111680a2b544fe827138aa98798"}
{"level":"info","message":"GET /user/publicKey/0x6c90a3f82a40e111680a2b544fe827138aa98798"}
{"level":"info","message":"GET /user/publicKey/0x6c90a3f82a40e111680a2b544fe827138aa98798"}
{"level":"info","message":"Server started on port 8000"}
{"level":"info","message":"GET /user/publicKey/0x6c90a3f82a40e111680a2b544fe827138aa98798"}
{"level":"info","message":"GET /user/publicKey/0x6c90a3f82a40e111680a2b544fe827138aa98798"}
{"level":"info","message":"GET /user/publicKey/0x6c90a3f82a40e111680a2b544fe827138aa98798"}
{"level":"info","message":"GET /user/publicKey/0x6c90a3f82a40e111680a2b544fe827138aa98798"}
{"level":"info","message":"GET /auth/nonce"}
{"level":"info","message":"POST /auth/login"}
{"level":"info","message":"GET /user/publicKey/0x6c90a3f82a40e111680a2b544fe827138aa98798"}
{"level":"info","message":"GET /user/publicKey/0x6c90a3f82a40e111680a2b544fe827138aa98798"}
{"level":"info","message":"GET /user/publicKey/0x6c90a3f82a40e111680a2b544fe827138aa98798"}
{"level":"info","message":"GET /user/publicKey/0x6c90a3f82a40e111680a2b544fe827138aa98798"}
{"level":"info","message":"GET /user/publicKey/0xe7ab980b51d0cd9e5ebb3ee63fb707e21c2811b9"}
{"level":"info","message":"GET /user/publicKey/0xe7ab980b51d0cd9e5ebb3ee63fb707e21c2811b9"}
{"level":"info","message":"Server started on port 8000"}
{"level":"info","message":"Server started on port 8000"}
{"level":"info","message":"Server started on port 8000"}
{"level":"info","message":"Server started on port 8000"}
{"level":"info","message":"GET /user/publicKey/0xe7ab980b51d0cd9e5ebb3ee63fb707e21c2811b9"}
{"level":"info","message":"GET /user/publicKey/0xe7ab980b51d0cd9e5ebb3ee63fb707e21c2811b9"}
{"level":"info","message":"GET /user/publicKey/0xe7ab980b51d0cd9e5ebb3ee63fb707e21c2811b9"}
{"level":"info","message":"GET /user/publicKey/0xe7ab980b51d0cd9e5ebb3ee63fb707e21c2811b9"}
{"level":"info","message":"GET /user/publicKey/0xe7ab980b51d0cd9e5ebb3ee63fb707e21c2811b9"}
{"level":"info","message":"GET /user/publicKey/0xe7ab980b51d0cd9e5ebb3ee63fb707e21c2811b9"}
{"level":"info","message":"GET /user/publicKey/0xe7ab980b51d0cd9e5ebb3ee63fb707e21c2811b9"}
{"level":"info","message":"GET /user/publicKey/0xe7ab980b51d0cd9e5ebb3ee63fb707e21c2811b9"}
{"level":"info","message":"GET /user/publicKey/0xe7ab980b51d0cd9e5ebb3ee63fb707e21c2811b9"}
{"level":"info","message":"GET /user/publicKey/0xe7ab980b51d0cd9e5ebb3ee63fb707e21c2811b9"}
{"level":"info","message":"GET /auth/nonce"}
{"level":"info","message":"POST /auth/login"}
{"level":"info","message":"GET /user/publicKey/0xe7ab980b51d0cd9e5ebb3ee63fb707e21c2811b9"}
{"level":"info","message":"Server started on port 8000"}
{"level":"info","message":"GET /user/publicKey/0xe7ab980b51d0cd9e5ebb3ee63fb707e21c2811b9"}
{"level":"info","message":"GET /user/publicKey/0xe7ab980b51d0cd9e5ebb3ee63fb707e21c2811b9"}
{"level":"info","message":"GET /auth/nonce"}
{"level":"info","message":"GET /user/publicKey/0xe7ab980b51d0cd9e5ebb3ee63fb707e21c2811b9"}
{"level":"info","message":"GET /auth/nonce"}
{"level":"info","message":"POST /auth/login"}
{"level":"info","message":"GET /user/publicKey/0xe7ab980b51d0cd9e5ebb3ee63fb707e21c2811b9"}
{"level":"info","message":"GET /user/publicKey/0xe7ab980b51d0cd9e5ebb3ee63fb707e21c2811b9"}
{"level":"info","message":"Server started on port 8000"}
{"level":"info","message":"Server started on port 8000"}
{"level":"info","message":"Server started on port 8000"}
{"level":"info","message":"Server started on port 8000"}
{"level":"info","message":"Server started on port 8000"}
{"level":"info","message":"Server started on port 8000"}
{"level":"info","message":"Server started on port 8000"}
{"level":"info","message":"Server started on port 8000"}
{"level":"info","message":"Server started on port 8000"}
{"level":"info","message":"Server started on port 8000"}
{"level":"info","message":"Server started on port 8000"}
{"level":"info","message":"Server started on port 8000"}
{"level":"info","message":"Server started on port 8000"}
{"level":"info","message":"Server started on port 8000"}
{"level":"info","message":"Server started on port 8000"}
{"level":"info","message":"Server started on port 8000"}
{"level":"info","message":"Server started on port 8000"}
{"level":"info","message":"Server started on port 8000"}
{"level":"info","message":"Server started on port 8000"}
{"level":"info","message":"Gracefully shutting down"}
{"level":"info","message":"Server started on port 8000"}
{"level":"info","message":"Server started on port 8000"}
{"level":"info","message":"Server started on port 8000"}
{"level":"info","message":"Server started on port 8000"}
{"level":"info","message":"Server started on port 8000"}
{"level":"info","message":"Server started on port 8000"}
{"level":"info","message":"Server started on port 8000"}
{"level":"info","message":"Server started on port 8000"}
{"level":"info","message":"Server started on port 8000"}
{"level":"info","message":"Server started on port 8000"}
{"level":"info","message":"Server started on port 8000"}
{"level":"info","message":"Server started on port 8000"}
{"level":"info","message":"Server started on port 8000"}
{"level":"info","message":"Server started on port 8000"}
{"level":"info","message":"Server started on port 8000"}
{"level":"info","message":"Server started on port 8000"}
{"level":"info","message":"Server started on port 8000"}
{"level":"info","message":"Server started on port 8000"}
{"level":"info","message":"GET /user/publicKey/0xe7ab980b51d0cd9e5ebb3ee63fb707e21c2811b9"}
{"level":"info","message":"GET /auth/nonce"}
{"level":"info","message":"POST /auth/login"}
{"level":"info","message":"Server started on port 8000"}
{"level":"info","message":"Server started on port 8000"}
{"level":"info","message":"Server started on port 8000"}
{"level":"info","message":"Server started on port 8000"}
{"level":"info","message":"Server started on port 8000"}
{"level":"info","message":"Server started on port 8000"}
{"level":"info","message":"Server started on port 8000"}
{"level":"info","message":"Server started on port 8000"}
{"level":"info","message":"Server started on port 8000"}
{"level":"info","message":"Server started on port 8000"}
{"level":"info","message":"Server started on port 8000"}
{"level":"info","message":"GET /user/publicKey/0xe7ab980b51d0cd9e5ebb3ee63fb707e21c2811b9"}
{"level":"info","message":"POST /user/publicKey/0xe7ab980b51d0cd9e5ebb3ee63fb707e21c2811b9/verify"}
{"level":"info","message":"GET /user/publicKey/0xe7ab980b51d0cd9e5ebb3ee63fb707e21c2811b9"}
{"level":"info","message":"POST /user/publicKey/0xe7ab980b51d0cd9e5ebb3ee63fb707e21c2811b9/verify"}
{"level":"info","message":"POST /user/publicKey/0xe7ab980b51d0cd9e5ebb3ee63fb707e21c2811b9/verify"}
{"level":"info","message":"POST /user/publicKey/0xe7ab980b51d0cd9e5ebb3ee63fb707e21c2811b9/verify"}
{"level":"info","message":"GET /user/publicKey/0xe7ab980b51d0cd9e5ebb3ee63fb707e21c2811b9"}
{"level":"info","message":"POST /user/publicKey/0xe7ab980b51d0cd9e5ebb3ee63fb707e21c2811b9/verify"}
{"level":"info","message":"POST /user/publicKey/0xe7ab980b51d0cd9e5ebb3ee63fb707e21c2811b9/verify"}
{"level":"info","message":"POST /user/publicKey/0xe7ab980b51d0cd9e5ebb3ee63fb707e21c2811b9/verify"}
{"level":"info","message":"GET /user/publicKey/0xe7ab980b51d0cd9e5ebb3ee63fb707e21c2811b9"}
{"level":"info","message":"GET /user/publicKey/0xe7ab980b51d0cd9e5ebb3ee63fb707e21c2811b9"}
{"level":"info","message":"GET /user/publicKey/0xe7ab980b51d0cd9e5ebb3ee63fb707e21c2811b9"}
{"level":"info","message":"POST /user/publicKey/0xe7ab980b51d0cd9e5ebb3ee63fb707e21c2811b9/verify"}
{"level":"info","message":"POST /user/publicKey/0xe7ab980b51d0cd9e5ebb3ee63fb707e21c2811b9/verify"}
{"level":"info","message":"GET /user/publicKey/0xe7ab980b51d0cd9e5ebb3ee63fb707e21c2811b9"}
{"level":"info","message":"GET /user/publicKey/0xe7ab980b51d0cd9e5ebb3ee63fb707e21c2811b9"}
{"level":"info","message":"POST /user/publicKey/0xe7ab980b51d0cd9e5ebb3ee63fb707e21c2811b9/verify"}
{"level":"info","message":"POST /user/publicKey/0xe7ab980b51d0cd9e5ebb3ee63fb707e21c2811b9/verify"}
{"level":"info","message":"POST /user/publicKey/0xe7ab980b51d0cd9e5ebb3ee63fb707e21c2811b9/verify"}
{"level":"info","message":"POST /user/publicKey/0xe7ab980b51d0cd9e5ebb3ee63fb707e21c2811b9/verify"}
{"level":"info","message":"POST /user/publicKey/0xe7ab980b51d0cd9e5ebb3ee63fb707e21c2811b9/verify"}
{"level":"info","message":"POST /user/publicKey/0xe7ab980b51d0cd9e5ebb3ee63fb707e21c2811b9/verify"}
{"level":"info","message":"POST /user/publicKey/0xe7ab980b51d0cd9e5ebb3ee63fb707e21c2811b9/verify"}
{"level":"info","message":"POST /user/publicKey/0xe7ab980b51d0cd9e5ebb3ee63fb707e21c2811b9/verify"}
{"level":"info","message":"POST /user/publicKey/0xe7ab980b51d0cd9e5ebb3ee63fb707e21c2811b9/verify"}
{"level":"info","message":"POST /user/publicKey/0xe7ab980b51d0cd9e5ebb3ee63fb707e21c2811b9/verify"}
{"level":"info","message":"POST /user/publicKey/0xe7ab980b51d0cd9e5ebb3ee63fb707e21c2811b9/verify"}
{"level":"info","message":"GET /user/publicKey/0xe7ab980b51d0cd9e5ebb3ee63fb707e21c2811b9"}
{"level":"info","message":"GET /auth/nonce"}
{"level":"info","message":"POST /auth/login"}
{"level":"info","message":"POST /user/publicKey/0xe7ab980b51d0cd9e5ebb3ee63fb707e21c2811b9/verify"}
{"level":"info","message":"POST /user/publicKey/0xe7ab980b51d0cd9e5ebb3ee63fb707e21c2811b9/verify"}
{"level":"info","message":"GET /user/publicKey/0xe7ab980b51d0cd9e5ebb3ee63fb707e21c2811b9"}
{"level":"info","message":"POST /user/publicKey/0xe7ab980b51d0cd9e5ebb3ee63fb707e21c2811b9/verify"}
{"level":"info","message":"GET /user/publicKey/0x6c90a3f82a40e111680a2b544fe827138aa98798"}
{"level":"info","message":"Server started on port 8000"}
{"level":"info","message":"Server started on port 8000"}
{"level":"info","message":"Server started on port 8000"}
{"level":"info","message":"Server started on port 8000"}
{"level":"info","message":"Server started on port 8000"}
{"level":"info","message":"GET /user/publicKey/0x6c90a3f82a40e111680a2b544fe827138aa98798"}
{"level":"info","message":"POST /user/publicKey/0x6c90a3f82a40e111680a2b544fe827138aa98798/verify"}
{"level":"info","message":"GET /user/publicKey/0x6c90a3f82a40e111680a2b544fe827138aa98798"}
{"level":"info","message":"GET /user/publicKey/0x6c90a3f82a40e111680a2b544fe827138aa98798"}
{"level":"info","message":"GET /user/publicKey/0x6c90a3f82a40e111680a2b544fe827138aa98798"}
{"level":"info","message":"GET /auth/nonce"}
{"level":"info","message":"POST /auth/login"}
{"level":"info","message":"POST /user/publicKey/0x6c90a3f82a40e111680a2b544fe827138aa98798/verify"}
{"level":"info","message":"Server started on port 8000"}
{"level":"info","message":"Server started on port 8000"}
{"level":"info","message":"POST /user/publicKey/0x6c90a3f82a40e111680a2b544fe827138aa98798/verify"}
{"level":"info","message":"Server started on port 8000"}
{"level":"info","message":"POST /user/publicKey/0x6c90a3f82a40e111680a2b544fe827138aa98798/verify"}
{"level":"info","message":"Server started on port 8000"}
{"level":"info","message":"Server started on port 8000"}
{"level":"info","message":"GET /user/publicKey/0x6c90a3f82a40e111680a2b544fe827138aa98798"}
{"level":"info","message":"POST /user/publicKey/0x6c90a3f82a40e111680a2b544fe827138aa98798/verify"}
{"level":"info","message":"POST /user/publicKey/0x6c90a3f82a40e111680a2b544fe827138aa98798/verify"}
{"level":"info","message":"Server started on port 8000"}
{"level":"info","message":"GET /user/publicKey/0x6c90a3f82a40e111680a2b544fe827138aa98798"}
{"level":"info","message":"POST /user/publicKey/0x6c90a3f82a40e111680a2b544fe827138aa98798/verify"}
{"level":"info","message":"Server started on port 8000"}
{"level":"info","message":"GET /user/publicKey/0x6c90a3f82a40e111680a2b544fe827138aa98798"}
{"level":"info","message":"POST /user/publicKey/0x6c90a3f82a40e111680a2b544fe827138aa98798/verify"}
{"level":"info","message":"GET /user/publicKey/0x6c90a3f82a40e111680a2b544fe827138aa98798"}
{"level":"info","message":"GET /user/publicKey/0x6c90a3f82a40e111680a2b544fe827138aa98798"}
{"level":"info","message":"GET /user/publicKey/0x6c90a3f82a40e111680a2b544fe827138aa98798"}
{"level":"info","message":"Server started on port 8000"}
{"level":"info","message":"GET /user/publicKey/0x6c90a3f82a40e111680a2b544fe827138aa98798"}
{"level":"info","message":"GET /auth/nonce"}
{"level":"info","message":"POST /auth/login"}
{"level":"info","message":"POST /user/publicKey/0x6c90a3f82a40e111680a2b544fe827138aa98798/verify"}
{"level":"info","message":"Server started on port 8000"}
{"level":"info","message":"POST /user/publicKey/0x6c90a3f82a40e111680a2b544fe827138aa98798/verify"}
{"level":"info","message":"GET /user/publicKey/0x6c90a3f82a40e111680a2b544fe827138aa98798"}
{"level":"info","message":"GET /user/publicKey/0x6c90a3f82a40e111680a2b544fe827138aa98798"}
{"level":"info","message":"GET /user/publicKey/0x6c90a3f82a40e111680a2b544fe827138aa98798"}
{"level":"info","message":"GET /user/publicKey/0x6c90a3f82a40e111680a2b544fe827138aa98798"}
{"level":"info","message":"GET /user/publicKey/0x6c90a3f82a40e111680a2b544fe827138aa98798"}
{"level":"info","message":"Server started on port 8000"}
{"level":"info","message":"GET /user/publicKey/0x6c90a3f82a40e111680a2b544fe827138aa98798"}
{"level":"info","message":"GET /user/publicKey/0xe7ab980b51d0cd9e5ebb3ee63fb707e21c2811b9"}
{"level":"info","message":"POST /user/publicKey/0xe7ab980b51d0cd9e5ebb3ee63fb707e21c2811b9/verify"}
{"level":"info","message":"POST /user/publicKey/0xe7ab980b51d0cd9e5ebb3ee63fb707e21c2811b9/verify"}
{"level":"info","message":"POST /user/publicKey/0xe7ab980b51d0cd9e5ebb3ee63fb707e21c2811b9/verify"}
{"level":"info","message":"GET /user/publicKey/0x6c90a3f82a40e111680a2b544fe827138aa98798"}
{"level":"info","message":"GET /user/publicKey/0x6c90a3f82a40e111680a2b544fe827138aa98798"}
